Start testing: Apr 09 23:14 India Standard Time
----------------------------------------------------------
Test not available without configuration.  (Missing "-C <config>"?)
1/1 Testing: ExampleTests
1/1 Test: ExampleTests
Command: "NOT_AVAILABLE"
Directory: D:/Learning/CPP/GTest/build/test
"ExampleTests" start time: 
Output:
----------------------------------------------------------
<end of output>
Test time =   0.00 sec
----------------------------------------------------------
Test Passed.
"ExampleTests" end time: Apr 09 23:14 India Standard Time
"ExampleTests" time elapsed: 00:00:00
----------------------------------------------------------

End testing: Apr 09 23:14 India Standard Time
