<?xml version="1.0" encoding="UTF-8"?>
<Site BuildName="(empty)"
	BuildStamp="20260409-1728-Experimental"
	Name="(empty)"
	Generator="ctest-4.3.1"
	CompilerName=""
	CompilerVersion=""
	OSName="Windows"
	Hostname="sunil"
	OSRelease="10.0.26200"
	OSVersion="Windows 10"
	OSPlatform="AMD64"
	Is64Bits="1"
	VendorString="GenuineIntel"
	VendorID="Intel Corporation"
	FamilyID="6"
	ModelID="10"
	ModelName=""
	ProcessorCacheSize="-1"
	NumberOfLogicalCPU="12"
	NumberOfPhysicalCPU="8"
	TotalVirtualMemory="6656"
	TotalPhysicalMemory="16123"
	LogicalProcessorsPerPhysical="1"
	ProcessorClockFrequency="2100.000000"
	>
	<Testing>
		<StartDateTime>Apr 09 22:58 India Standard Time</StartDateTime>
		<StartTestTime>1775755730</StartTestTime>
		<TestList/>
		<EndDateTime>Apr 09 22:58 India Standard Time</EndDateTime>
		<EndTestTime>1775755730</EndTestTime>
		<ElapsedMinutes>0</ElapsedMinutes>
	</Testing>
</Site>
